<?xml version="1.0" encoding="UTF-8"?>
<!-- Generated by org.testng.reporters.JUnitReportReporter -->
<testsuite hostname="DESKTOP-CMVATDE" failures="0" tests="1" name="one.TestNGScript2" time="15.031" errors="0" timestamp="13 Feb 2022 03:24:06 GMT">
  <testcase classname="one.TestNGScript2" name="TC07_Verify_admin_user_is_able_to_access_Unit_of_measurement_Page" time="15.031"/>
</testsuite> <!-- one.TestNGScript2 -->
