<?xml version="1.0" encoding="UTF-8"?>
<!-- Generated by org.testng.reporters.JUnitReportReporter -->
<testsuite hostname="DESKTOP-CMVATDE" failures="0" tests="3" name="one.TestNGScript" time="33.506" errors="0" timestamp="13 Feb 2022 02:41:32 GMT">
  <testcase classname="one.TestNGScript" name="TC_02_Verify_the_Logout" time="16.150"/>
  <testcase classname="one.TestNGScript" name="TC_03_Verify_the_Reset_Button" time="5.033"/>
  <testcase classname="one.TestNGScript" name="TC_01_Verify_the_login_valid_credidentials" time="12.323"/>
</testsuite> <!-- one.TestNGScript -->
