<?xml version="1.0" encoding="UTF-8"?>
<!-- Generated by org.testng.reporters.JUnitReportReporter -->
<testsuite hostname="DESKTOP-CMVATDE" failures="0" tests="3" name="TestNG.testng" time="0.000" errors="0" timestamp="10 Feb 2022 03:08:28 GMT">
  <testcase classname="TestNG.testng" name="testcase2" time="0.000"/>
  <testcase classname="TestNG.testng" name="testcase3" time="0.000"/>
  <testcase classname="TestNG.testng" name="testcase1" time="0.000"/>
</testsuite> <!-- TestNG.testng -->
