<?xml version="1.0" encoding="UTF-8"?>
<!-- Generated by org.testng.reporters.JUnitReportReporter -->
<testsuite hostname="DESKTOP-CMVATDE" failures="0" tests="1" name="TestNG.TestNGScript3" time="36.819" errors="0" timestamp="15 Feb 2022 23:29:26 GMT">
  <testcase classname="TestNG.TestNGScript3" name="TC12_Verify_admin_user_is_able_to_search_the_stock_Items_by_using_Advanced_search" time="36.819"/>
</testsuite> <!-- TestNG.TestNGScript3 -->
