<?xml version="1.0" encoding="UTF-8"?>
<!-- Generated by org.testng.reporters.JUnitReportReporter -->
<testsuite hostname="DESKTOP-CMVATDE" failures="0" tests="1" name="TestNG.TestNGScript4" time="39.185" errors="0" timestamp="17 Feb 2022 08:19:43 GMT">
  <testcase classname="TestNG.TestNGScript4" name="TC17_Verify_admin_user_is_able_to_create_the_search_filter" time="39.185"/>
</testsuite> <!-- TestNG.TestNGScript4 -->
